c:\users\mikolaj\desktop\inzynierka\do pokazania 2 - copy\stl\x64\debug\interaktywna wizualizacja.pch
c:\users\mikolaj\desktop\inzynierka\do pokazania 2 - copy\stl\x64\debug\vc140.pdb
c:\users\mikolaj\desktop\inzynierka\do pokazania 2 - copy\stl\x64\debug\vc140.idb
c:\users\mikolaj\desktop\inzynierka\do pokazania 2 - copy\stl\x64\debug\stdafx.obj
c:\users\mikolaj\desktop\inzynierka\do pokazania 2 - copy\stl\x64\debug\controls.obj
c:\users\mikolaj\desktop\inzynierka\do pokazania 2 - copy\stl\x64\debug\objloader.obj
c:\users\mikolaj\desktop\inzynierka\do pokazania 2 - copy\stl\x64\debug\shader.obj
c:\users\mikolaj\desktop\inzynierka\do pokazania 2 - copy\stl\x64\debug\texture.obj
c:\users\mikolaj\desktop\inzynierka\do pokazania 2 - copy\stl\x64\debug\cam_source.obj
c:\users\mikolaj\desktop\inzynierka\do pokazania 2 - copy\stl\x64\debug\display.obj
c:\users\mikolaj\desktop\inzynierka\do pokazania 2 - copy\stl\x64\debug\insgpu.obj
c:\users\mikolaj\desktop\inzynierka\do pokazania 2 - copy\stl\x64\debug\main.obj
c:\users\mikolaj\desktop\inzynierka\do pokazania 2 - copy\stl\x64\debug\stl.obj
c:\users\mikolaj\desktop\inzynierka\do pokazania 2 - copy\stl\x64\debug\transformmatricies.obj
c:\users\mikolaj\desktop\inzynierka\do pokazania 2 - copy - copy (2)\stl\x64\debug\interaktywna wizualizacja.pch
c:\users\mikolaj\desktop\inzynierka\do pokazania 2 - copy - copy (2)\stl\x64\debug\vc140.pdb
c:\users\mikolaj\desktop\inzynierka\do pokazania 2 - copy - copy (2)\stl\x64\debug\vc140.idb
c:\users\mikolaj\desktop\inzynierka\do pokazania 2 - copy - copy (2)\stl\x64\debug\stdafx.obj
c:\users\mikolaj\desktop\inzynierka\do pokazania 2 - copy - copy (2)\stl\x64\debug\controls.obj
c:\users\mikolaj\desktop\inzynierka\do pokazania 2 - copy - copy (2)\stl\x64\debug\objloader.obj
c:\users\mikolaj\desktop\inzynierka\do pokazania 2 - copy - copy (2)\stl\x64\debug\shader.obj
c:\users\mikolaj\desktop\inzynierka\do pokazania 2 - copy - copy (2)\stl\x64\debug\texture.obj
c:\users\mikolaj\desktop\inzynierka\do pokazania 2 - copy - copy (2)\stl\x64\debug\cam_source.obj
c:\users\mikolaj\desktop\inzynierka\do pokazania 2 - copy - copy (2)\stl\x64\debug\display.obj
c:\users\mikolaj\desktop\inzynierka\do pokazania 2 - copy - copy (2)\stl\x64\debug\insgpu.obj
c:\users\mikolaj\desktop\inzynierka\do pokazania 2 - copy - copy (2)\stl\x64\debug\main.obj
c:\users\mikolaj\desktop\inzynierka\do pokazania 2 - copy - copy (2)\stl\x64\debug\stl.obj
c:\users\mikolaj\desktop\inzynierka\do pokazania 2 - copy - copy (2)\stl\x64\debug\transformmatricies.obj
c:\users\mikolaj\desktop\inzynierka\do pokazania 2 - copy - copy (2)\x64\debug\interaktywna wizualizacja.exe
c:\users\mikolaj\desktop\inzynierka\do pokazania 2 - copy - copy (2)\x64\debug\interaktywna wizualizacja.pdb
c:\users\mikolaj\desktop\inzynierka\do pokazania 2 - copy - copy (2)\stl\x64\debug\interakt.7e953271.tlog\cl.command.1.tlog
c:\users\mikolaj\desktop\inzynierka\do pokazania 2 - copy - copy (2)\stl\x64\debug\interakt.7e953271.tlog\cl.read.1.tlog
c:\users\mikolaj\desktop\inzynierka\do pokazania 2 - copy - copy (2)\stl\x64\debug\interakt.7e953271.tlog\cl.write.1.tlog
c:\users\mikolaj\desktop\inzynierka\do pokazania 2 - copy - copy (2)\stl\x64\debug\interakt.7e953271.tlog\link.command.1.tlog
c:\users\mikolaj\desktop\inzynierka\do pokazania 2 - copy - copy (2)\stl\x64\debug\interakt.7e953271.tlog\link.read.1.tlog
c:\users\mikolaj\desktop\inzynierka\do pokazania 2 - copy - copy (2)\stl\x64\debug\interakt.7e953271.tlog\link.write.1.tlog
