C:\Program Files (x86)\MSBuild\Microsoft.Cpp\v4.0\V140\Microsoft.CppBuild.targets(392,5): warning MSB8028: The intermediate directory (x64\Debug\) contains files shared from another project (stl.vcxproj).  This can lead to incorrect clean and rebuild behavior.
  main.cpp
c:\users\mikolaj\desktop\inzynierka\do pokazania 3 - bez watkow\stl\transformmatricies.h(19): warning C4067: unexpected tokens following preprocessor directive - expected a newline
c:\users\mikolaj\desktop\inzynierka\do pokazania 3 - bez watkow\stl\cam_source.cpp(139): warning C4244: 'argument': conversion from 'int' to 'float', possible loss of data
c:\users\mikolaj\desktop\inzynierka\do pokazania 3 - bez watkow\stl\cam_source.cpp(160): warning C4305: '*=': truncation from 'double' to 'float'
c:\users\mikolaj\desktop\inzynierka\do pokazania 3 - bez watkow\stl\cam_source.cpp(177): warning C4244: 'argument': conversion from 'double' to 'int', possible loss of data
c:\users\mikolaj\desktop\inzynierka\do pokazania 3 - bez watkow\stl\cam_source.cpp(275): warning C4244: 'argument': conversion from 'int' to 'float', possible loss of data
c:\users\mikolaj\desktop\inzynierka\do pokazania 3 - bez watkow\stl\cam_source.cpp(314): warning C4244: 'argument': conversion from 'int' to 'float', possible loss of data
c:\users\mikolaj\desktop\inzynierka\do pokazania 3 - bez watkow\stl\cam_source.cpp(332): warning C4244: '=': conversion from 'float' to 'int', possible loss of data
c:\users\mikolaj\desktop\inzynierka\do pokazania 3 - bez watkow\stl\cam_source.cpp(333): warning C4244: '=': conversion from 'float' to 'int', possible loss of data
c:\users\mikolaj\desktop\inzynierka\do pokazania 3 - bez watkow\stl\cam_source.cpp(345): warning C4244: '=': conversion from 'int' to 'float', possible loss of data
c:\users\mikolaj\desktop\inzynierka\do pokazania 3 - bez watkow\stl\cam_source.cpp(346): warning C4244: '=': conversion from 'int' to 'float', possible loss of data
c:\users\mikolaj\desktop\inzynierka\do pokazania 3 - bez watkow\stl\cam_source.cpp(349): warning C4244: '=': conversion from 'int' to 'float', possible loss of data
c:\users\mikolaj\desktop\inzynierka\do pokazania 3 - bez watkow\stl\cam_source.cpp(350): warning C4244: '=': conversion from 'int' to 'float', possible loss of data
c:\users\mikolaj\desktop\inzynierka\do pokazania 3 - bez watkow\stl\cam_source.cpp(353): warning C4244: '=': conversion from 'int' to 'float', possible loss of data
c:\users\mikolaj\desktop\inzynierka\do pokazania 3 - bez watkow\stl\cam_source.cpp(354): warning C4244: '=': conversion from 'int' to 'float', possible loss of data
c:\users\mikolaj\desktop\inzynierka\do pokazania 3 - bez watkow\stl\cam_source.cpp(357): warning C4244: '=': conversion from 'int' to 'float', possible loss of data
c:\users\mikolaj\desktop\inzynierka\do pokazania 3 - bez watkow\stl\cam_source.cpp(358): warning C4244: '=': conversion from 'int' to 'float', possible loss of data
c:\users\mikolaj\desktop\inzynierka\do pokazania 3 - bez watkow\stl\cam_source.cpp(362): warning C4244: 'argument': conversion from 'int' to 'float', possible loss of data
c:\users\mikolaj\desktop\inzynierka\do pokazania 3 - bez watkow\stl\cam_source.cpp(368): warning C4305: 'initializing': truncation from 'double' to 'float'
c:\users\mikolaj\desktop\inzynierka\do pokazania 3 - bez watkow\stl\cam_source.cpp(512): warning C4267: '=': conversion from 'size_t' to 'int', possible loss of data
c:\users\mikolaj\desktop\inzynierka\do pokazania 3 - bez watkow\stl\cam_source.cpp(521): warning C4309: '=': truncation of constant value
c:\users\mikolaj\desktop\inzynierka\do pokazania 3 - bez watkow\stl\main.cpp(49): warning C4800: 'int': forcing value to bool 'true' or 'false' (performance warning)
  insGPU.cpp
c:\users\mikolaj\desktop\inzynierka\do pokazania 3 - bez watkow\stl\insgpu.cpp(16): warning C4244: '=': conversion from 'double' to 'float', possible loss of data
c:\users\mikolaj\desktop\inzynierka\do pokazania 3 - bez watkow\stl\insgpu.cpp(17): warning C4244: '=': conversion from 'double' to 'float', possible loss of data
c:\users\mikolaj\desktop\inzynierka\do pokazania 3 - bez watkow\stl\insgpu.cpp(23): warning C4305: '=': truncation from 'double' to 'float'
c:\users\mikolaj\desktop\inzynierka\do pokazania 3 - bez watkow\stl\insgpu.cpp(159): warning C4305: 'initializing': truncation from 'double' to 'float'
c:\users\mikolaj\desktop\inzynierka\do pokazania 3 - bez watkow\stl\insgpu.cpp(205): warning C4305: 'initializing': truncation from 'double' to 'float'
c:\users\mikolaj\desktop\inzynierka\do pokazania 3 - bez watkow\stl\insgpu.cpp(206): warning C4305: 'initializing': truncation from 'double' to 'float'
c:\users\mikolaj\desktop\inzynierka\do pokazania 3 - bez watkow\stl\insgpu.cpp(207): warning C4305: 'initializing': truncation from 'double' to 'float'
c:\users\mikolaj\desktop\inzynierka\do pokazania 3 - bez watkow\stl\insgpu.cpp(238): warning C4305: '+=': truncation from 'double' to 'float'
c:\users\mikolaj\desktop\inzynierka\do pokazania 3 - bez watkow\stl\insgpu.cpp(242): warning C4305: '-=': truncation from 'double' to 'float'
c:\users\mikolaj\desktop\inzynierka\do pokazania 3 - bez watkow\stl\insgpu.cpp(246): warning C4305: '+=': truncation from 'double' to 'float'
c:\users\mikolaj\desktop\inzynierka\do pokazania 3 - bez watkow\stl\insgpu.cpp(250): warning C4305: '-=': truncation from 'double' to 'float'
c:\users\mikolaj\desktop\inzynierka\do pokazania 3 - bez watkow\stl\insgpu.cpp(283): warning C4305: '+=': truncation from 'double' to 'float'
c:\users\mikolaj\desktop\inzynierka\do pokazania 3 - bez watkow\stl\insgpu.cpp(287): warning C4305: '-=': truncation from 'double' to 'float'
c:\users\mikolaj\desktop\inzynierka\do pokazania 3 - bez watkow\stl\insgpu.cpp(291): warning C4305: '+=': truncation from 'double' to 'float'
c:\users\mikolaj\desktop\inzynierka\do pokazania 3 - bez watkow\stl\insgpu.cpp(295): warning C4305: '-=': truncation from 'double' to 'float'
c:\users\mikolaj\desktop\inzynierka\do pokazania 3 - bez watkow\stl\insgpu.cpp(370): warning C4267: 'argument': conversion from 'size_t' to 'GLsizei', possible loss of data
c:\users\mikolaj\desktop\inzynierka\do pokazania 3 - bez watkow\stl\insgpu.cpp(480): warning C4244: 'argument': conversion from 'float' to 'int', possible loss of data
c:\users\mikolaj\desktop\inzynierka\do pokazania 3 - bez watkow\stl\insgpu.cpp(490): warning C4244: 'initializing': conversion from 'int' to 'float', possible loss of data
c:\users\mikolaj\desktop\inzynierka\do pokazania 3 - bez watkow\stl\insgpu.cpp(491): warning C4244: 'initializing': conversion from 'int' to 'float', possible loss of data
c:\users\mikolaj\desktop\inzynierka\do pokazania 3 - bez watkow\stl\insgpu.cpp(493): warning C4244: 'initializing': conversion from 'int' to 'float', possible loss of data
c:\users\mikolaj\desktop\inzynierka\do pokazania 3 - bez watkow\stl\insgpu.cpp(494): warning C4244: 'initializing': conversion from 'int' to 'float', possible loss of data
c:\users\mikolaj\desktop\inzynierka\do pokazania 3 - bez watkow\stl\insgpu.cpp(564): warning C4309: '=': truncation of constant value
  Generating Code...
c:\users\mikolaj\desktop\inzynierka\do pokazania 3 - bez watkow\stl\cam_source.cpp(187): warning C4715: 'camCapture': not all control paths return a value
LINK : warning LNK4075: ignoring '/INCREMENTAL' due to '/FORCE' specification
controls.obj : warning LNK4075: ignoring '/EDITANDCONTINUE' due to '/OPT:LBR' specification
display.obj : warning LNK4006: "class cv::Mat gaussSrc" (?gaussSrc@@3VMat@cv@@A) already defined in cam_source.obj; second definition ignored
insGPU.obj : warning LNK4006: "float shiftScene" (?shiftScene@@3MA) already defined in controls.obj; second definition ignored
main.obj : warning LNK4006: "void __cdecl approx_counturs(class cv::Mat,class std::vector<class std::vector<class cv::Point_<int>,class std::allocator<class cv::Point_<int> > >,class std::allocator<class std::vector<class cv::Point_<int>,class std::allocator<class cv::Point_<int> > > > > &)" (?approx_counturs@@YAXVMat@cv@@AEAV?$vector@V?$vector@V?$Point_@H@cv@@V?$allocator@V?$Point_@H@cv@@@std@@@std@@V?$allocator@V?$vector@V?$Point_@H@cv@@V?$allocator@V?$Point_@H@cv@@@std@@@std@@@2@@std@@@Z) already defined in cam_source.obj; second definition ignored
main.obj : warning LNK4006: "struct contourCharacteristics __cdecl camCapture(bool)" (?camCapture@@YA?AUcontourCharacteristics@@_N@Z) already defined in cam_source.obj; second definition ignored
main.obj : warning LNK4006: "bool __cdecl crossMaxLine(class cv::Point_<int>,class cv::Point_<int>,struct contourCharacteristics &)" (?crossMaxLine@@YA_NV?$Point_@H@cv@@0AEAUcontourCharacteristics@@@Z) already defined in cam_source.obj; second definition ignored
main.obj : warning LNK4006: "void __cdecl drawContours(class cv::Size_<int>,class std::vector<class std::vector<class cv::Point_<int>,class std::allocator<class cv::Point_<int> > >,class std::allocator<class std::vector<class cv::Point_<int>,class std::allocator<class cv::Point_<int> > > > > &,class std::vector<class cv::Vec<int,4>,class std::allocator<class cv::Vec<int,4> > > &)" (?drawContours@@YAXV?$Size_@H@cv@@AEAV?$vector@V?$vector@V?$Point_@H@cv@@V?$allocator@V?$Point_@H@cv@@@std@@@std@@V?$allocator@V?$vector@V?$Point_@H@cv@@V?$allocator@V?$Point_@H@cv@@@std@@@std@@@2@@std@@AEAV?$vector@V?$Vec@H$03@cv@@V?$allocator@V?$Vec@H$03@cv@@@std@@@4@@Z) already defined in cam_source.obj; second definition ignored
main.obj : warning LNK4006: "int __cdecl euclideanDist(class cv::Point_<int> &,class cv::Point_<int> &)" (?euclideanDist@@YAHAEAV?$Point_@H@cv@@0@Z) already defined in cam_source.obj; second definition ignored
main.obj : warning LNK4006: "class cv::Mat __cdecl findObjects(class cv::Mat)" (?findObjects@@YA?AVMat@cv@@V12@@Z) already defined in cam_source.obj; second definition ignored
main.obj : warning LNK4006: "class cv::Mat __cdecl getCAMsrc(void)" (?getCAMsrc@@YA?AVMat@cv@@XZ) already defined in cam_source.obj; second definition ignored
main.obj : warning LNK4006: "void __cdecl getCharacteristics(class std::vector<class cv::Point_<int>,class std::allocator<class cv::Point_<int> > > &,struct contourCharacteristics &)" (?getCharacteristics@@YAXAEAV?$vector@V?$Point_@H@cv@@V?$allocator@V?$Point_@H@cv@@@std@@@std@@AEAUcontourCharacteristics@@@Z) already defined in cam_source.obj; second definition ignored
main.obj : warning LNK4006: "void __cdecl getCharacteristics(class std::vector<class std::vector<class cv::Point_<int>,class std::allocator<class cv::Point_<int> > >,class std::allocator<class std::vector<class cv::Point_<int>,class std::allocator<class cv::Point_<int> > > > > &,struct contourCharacteristics &)" (?getCharacteristics@@YAXAEAV?$vector@V?$vector@V?$Point_@H@cv@@V?$allocator@V?$Point_@H@cv@@@std@@@std@@V?$allocator@V?$vector@V?$Point_@H@cv@@V?$allocator@V?$Point_@H@cv@@@std@@@std@@@2@@std@@AEAUcontourCharacteristics@@@Z) already defined in cam_source.obj; second definition ignored
main.obj : warning LNK4006: "class cv::Point_<int> __cdecl get_line_intersection(float,float,float,float,float,float,float,float)" (?get_line_intersection@@YA?AV?$Point_@H@cv@@MMMMMMMM@Z) already defined in cam_source.obj; second definition ignored
main.obj : warning LNK4006: "void __cdecl max_line(class std::vector<class cv::Point_<int>,class std::allocator<class cv::Point_<int> > >,struct contourCharacteristics &)" (?max_line@@YAXV?$vector@V?$Point_@H@cv@@V?$allocator@V?$Point_@H@cv@@@std@@@std@@AEAUcontourCharacteristics@@@Z) already defined in cam_source.obj; second definition ignored
main.obj : warning LNK4006: "void __cdecl max_line(class std::vector<class std::vector<class cv::Point_<int>,class std::allocator<class cv::Point_<int> > >,class std::allocator<class std::vector<class cv::Point_<int>,class std::allocator<class cv::Point_<int> > > > >,struct contourCharacteristics &)" (?max_line@@YAXV?$vector@V?$vector@V?$Point_@H@cv@@V?$allocator@V?$Point_@H@cv@@@std@@@std@@V?$allocator@V?$vector@V?$Point_@H@cv@@V?$allocator@V?$Point_@H@cv@@@std@@@std@@@2@@std@@AEAUcontourCharacteristics@@@Z) already defined in cam_source.obj; second definition ignored
main.obj : warning LNK4006: "void __cdecl min_line(class std::vector<class cv::Point_<int>,class std::allocator<class cv::Point_<int> > >,struct contourCharacteristics &)" (?min_line@@YAXV?$vector@V?$Point_@H@cv@@V?$allocator@V?$Point_@H@cv@@@std@@@std@@AEAUcontourCharacteristics@@@Z) already defined in cam_source.obj; second definition ignored
main.obj : warning LNK4006: "void __cdecl min_line(class std::vector<class std::vector<class cv::Point_<int>,class std::allocator<class cv::Point_<int> > >,class std::allocator<class std::vector<class cv::Point_<int>,class std::allocator<class cv::Point_<int> > > > >,struct contourCharacteristics &)" (?min_line@@YAXV?$vector@V?$vector@V?$Point_@H@cv@@V?$allocator@V?$Point_@H@cv@@@std@@@std@@V?$allocator@V?$vector@V?$Point_@H@cv@@V?$allocator@V?$Point_@H@cv@@@std@@@std@@@2@@std@@AEAUcontourCharacteristics@@@Z) already defined in cam_source.obj; second definition ignored
main.obj : warning LNK4006: "class std::vector<class std::vector<class cv::Point_<int>,class std::allocator<class cv::Point_<int> > >,class std::allocator<class std::vector<class cv::Point_<int>,class std::allocator<class cv::Point_<int> > > > > __cdecl morphology_trans(class cv::Mat &)" (?morphology_trans@@YA?AV?$vector@V?$vector@V?$Point_@H@cv@@V?$allocator@V?$Point_@H@cv@@@std@@@std@@V?$allocator@V?$vector@V?$Point_@H@cv@@V?$allocator@V?$Point_@H@cv@@@std@@@std@@@2@@std@@AEAVMat@cv@@@Z) already defined in cam_source.obj; second definition ignored
main.obj : warning LNK4006: "void __cdecl thresh_callback(int,void *)" (?thresh_callback@@YAXHPEAX@Z) already defined in cam_source.obj; second definition ignored
main.obj : warning LNK4006: "int thresh" (?thresh@@3HA) already defined in cam_source.obj; second definition ignored
main.obj : warning LNK4006: "int approxValue" (?approxValue@@3HA) already defined in cam_source.obj; second definition ignored
main.obj : warning LNK4006: "struct GLFWwindow * window" (?window@@3PEAUGLFWwindow@@EA) already defined in insGPU.obj; second definition ignored
main.obj : warning LNK4006: "class cv::Mat gaussSrc" (?gaussSrc@@3VMat@cv@@A) already defined in cam_source.obj; second definition ignored
main.obj : warning LNK4006: "class std::vector<class std::vector<class cv::Point_<int>,class std::allocator<class cv::Point_<int> > >,class std::allocator<class std::vector<class cv::Point_<int>,class std::allocator<class cv::Point_<int> > > > > contours_src" (?contours_src@@3V?$vector@V?$vector@V?$Point_@H@cv@@V?$allocator@V?$Point_@H@cv@@@std@@@std@@V?$allocator@V?$vector@V?$Point_@H@cv@@V?$allocator@V?$Point_@H@cv@@@std@@@std@@@2@@std@@A) already defined in cam_source.obj; second definition ignored
main.obj : warning LNK4006: "class cv::Mat cam_src" (?cam_src@@3VMat@cv@@A) already defined in cam_source.obj; second definition ignored
main.obj : warning LNK4006: "struct hsv_thresh init_values" (?init_values@@3Uhsv_thresh@@A) already defined in cam_source.obj; second definition ignored
transformMatricies.obj : warning LNK4006: "void __cdecl approx_counturs(class cv::Mat,class std::vector<class std::vector<class cv::Point_<int>,class std::allocator<class cv::Point_<int> > >,class std::allocator<class std::vector<class cv::Point_<int>,class std::allocator<class cv::Point_<int> > > > > &)" (?approx_counturs@@YAXVMat@cv@@AEAV?$vector@V?$vector@V?$Point_@H@cv@@V?$allocator@V?$Point_@H@cv@@@std@@@std@@V?$allocator@V?$vector@V?$Point_@H@cv@@V?$allocator@V?$Point_@H@cv@@@std@@@std@@@2@@std@@@Z) already defined in cam_source.obj; second definition ignored
transformMatricies.obj : warning LNK4006: "struct contourCharacteristics __cdecl camCapture(bool)" (?camCapture@@YA?AUcontourCharacteristics@@_N@Z) already defined in cam_source.obj; second definition ignored
transformMatricies.obj : warning LNK4006: "bool __cdecl crossMaxLine(class cv::Point_<int>,class cv::Point_<int>,struct contourCharacteristics &)" (?crossMaxLine@@YA_NV?$Point_@H@cv@@0AEAUcontourCharacteristics@@@Z) already defined in cam_source.obj; second definition ignored
transformMatricies.obj : warning LNK4006: "void __cdecl drawContours(class cv::Size_<int>,class std::vector<class std::vector<class cv::Point_<int>,class std::allocator<class cv::Point_<int> > >,class std::allocator<class std::vector<class cv::Point_<int>,class std::allocator<class cv::Point_<int> > > > > &,class std::vector<class cv::Vec<int,4>,class std::allocator<class cv::Vec<int,4> > > &)" (?drawContours@@YAXV?$Size_@H@cv@@AEAV?$vector@V?$vector@V?$Point_@H@cv@@V?$allocator@V?$Point_@H@cv@@@std@@@std@@V?$allocator@V?$vector@V?$Point_@H@cv@@V?$allocator@V?$Point_@H@cv@@@std@@@std@@@2@@std@@AEAV?$vector@V?$Vec@H$03@cv@@V?$allocator@V?$Vec@H$03@cv@@@std@@@4@@Z) already defined in cam_source.obj; second definition ignored
transformMatricies.obj : warning LNK4006: "int __cdecl euclideanDist(class cv::Point_<int> &,class cv::Point_<int> &)" (?euclideanDist@@YAHAEAV?$Point_@H@cv@@0@Z) already defined in cam_source.obj; second definition ignored
transformMatricies.obj : warning LNK4006: "class cv::Mat __cdecl findObjects(class cv::Mat)" (?findObjects@@YA?AVMat@cv@@V12@@Z) already defined in cam_source.obj; second definition ignored
transformMatricies.obj : warning LNK4006: "class cv::Mat __cdecl getCAMsrc(void)" (?getCAMsrc@@YA?AVMat@cv@@XZ) already defined in cam_source.obj; second definition ignored
transformMatricies.obj : warning LNK4006: "void __cdecl getCharacteristics(class std::vector<class cv::Point_<int>,class std::allocator<class cv::Point_<int> > > &,struct contourCharacteristics &)" (?getCharacteristics@@YAXAEAV?$vector@V?$Point_@H@cv@@V?$allocator@V?$Point_@H@cv@@@std@@@std@@AEAUcontourCharacteristics@@@Z) already defined in cam_source.obj; second definition ignored
transformMatricies.obj : warning LNK4006: "void __cdecl getCharacteristics(class std::vector<class std::vector<class cv::Point_<int>,class std::allocator<class cv::Point_<int> > >,class std::allocator<class std::vector<class cv::Point_<int>,class std::allocator<class cv::Point_<int> > > > > &,struct contourCharacteristics &)" (?getCharacteristics@@YAXAEAV?$vector@V?$vector@V?$Point_@H@cv@@V?$allocator@V?$Point_@H@cv@@@std@@@std@@V?$allocator@V?$vector@V?$Point_@H@cv@@V?$allocator@V?$Point_@H@cv@@@std@@@std@@@2@@std@@AEAUcontourCharacteristics@@@Z) already defined in cam_source.obj; second definition ignored
transformMatricies.obj : warning LNK4006: "class cv::Point_<int> __cdecl get_line_intersection(float,float,float,float,float,float,float,float)" (?get_line_intersection@@YA?AV?$Point_@H@cv@@MMMMMMMM@Z) already defined in cam_source.obj; second definition ignored
transformMatricies.obj : warning LNK4006: "void __cdecl max_line(class std::vector<class cv::Point_<int>,class std::allocator<class cv::Point_<int> > >,struct contourCharacteristics &)" (?max_line@@YAXV?$vector@V?$Point_@H@cv@@V?$allocator@V?$Point_@H@cv@@@std@@@std@@AEAUcontourCharacteristics@@@Z) already defined in cam_source.obj; second definition ignored
transformMatricies.obj : warning LNK4006: "void __cdecl max_line(class std::vector<class std::vector<class cv::Point_<int>,class std::allocator<class cv::Point_<int> > >,class std::allocator<class std::vector<class cv::Point_<int>,class std::allocator<class cv::Point_<int> > > > >,struct contourCharacteristics &)" (?max_line@@YAXV?$vector@V?$vector@V?$Point_@H@cv@@V?$allocator@V?$Point_@H@cv@@@std@@@std@@V?$allocator@V?$vector@V?$Point_@H@cv@@V?$allocator@V?$Point_@H@cv@@@std@@@std@@@2@@std@@AEAUcontourCharacteristics@@@Z) already defined in cam_source.obj; second definition ignored
transformMatricies.obj : warning LNK4006: "void __cdecl min_line(class std::vector<class cv::Point_<int>,class std::allocator<class cv::Point_<int> > >,struct contourCharacteristics &)" (?min_line@@YAXV?$vector@V?$Point_@H@cv@@V?$allocator@V?$Point_@H@cv@@@std@@@std@@AEAUcontourCharacteristics@@@Z) already defined in cam_source.obj; second definition ignored
transformMatricies.obj : warning LNK4006: "void __cdecl min_line(class std::vector<class std::vector<class cv::Point_<int>,class std::allocator<class cv::Point_<int> > >,class std::allocator<class std::vector<class cv::Point_<int>,class std::allocator<class cv::Point_<int> > > > >,struct contourCharacteristics &)" (?min_line@@YAXV?$vector@V?$vector@V?$Point_@H@cv@@V?$allocator@V?$Point_@H@cv@@@std@@@std@@V?$allocator@V?$vector@V?$Point_@H@cv@@V?$allocator@V?$Point_@H@cv@@@std@@@std@@@2@@std@@AEAUcontourCharacteristics@@@Z) already defined in cam_source.obj; second definition ignored
transformMatricies.obj : warning LNK4006: "class std::vector<class std::vector<class cv::Point_<int>,class std::allocator<class cv::Point_<int> > >,class std::allocator<class std::vector<class cv::Point_<int>,class std::allocator<class cv::Point_<int> > > > > __cdecl morphology_trans(class cv::Mat &)" (?morphology_trans@@YA?AV?$vector@V?$vector@V?$Point_@H@cv@@V?$allocator@V?$Point_@H@cv@@@std@@@std@@V?$allocator@V?$vector@V?$Point_@H@cv@@V?$allocator@V?$Point_@H@cv@@@std@@@std@@@2@@std@@AEAVMat@cv@@@Z) already defined in cam_source.obj; second definition ignored
transformMatricies.obj : warning LNK4006: "void __cdecl thresh_callback(int,void *)" (?thresh_callback@@YAXHPEAX@Z) already defined in cam_source.obj; second definition ignored
transformMatricies.obj : warning LNK4006: "int thresh" (?thresh@@3HA) already defined in cam_source.obj; second definition ignored
transformMatricies.obj : warning LNK4006: "int approxValue" (?approxValue@@3HA) already defined in cam_source.obj; second definition ignored
transformMatricies.obj : warning LNK4006: "class cv::Mat gaussSrc" (?gaussSrc@@3VMat@cv@@A) already defined in cam_source.obj; second definition ignored
transformMatricies.obj : warning LNK4006: "class std::vector<class std::vector<class cv::Point_<int>,class std::allocator<class cv::Point_<int> > >,class std::allocator<class std::vector<class cv::Point_<int>,class std::allocator<class cv::Point_<int> > > > > contours_src" (?contours_src@@3V?$vector@V?$vector@V?$Point_@H@cv@@V?$allocator@V?$Point_@H@cv@@@std@@@std@@V?$allocator@V?$vector@V?$Point_@H@cv@@V?$allocator@V?$Point_@H@cv@@@std@@@std@@@2@@std@@A) already defined in cam_source.obj; second definition ignored
transformMatricies.obj : warning LNK4006: "class cv::Mat cam_src" (?cam_src@@3VMat@cv@@A) already defined in cam_source.obj; second definition ignored
transformMatricies.obj : warning LNK4006: "struct hsv_thresh init_values" (?init_values@@3Uhsv_thresh@@A) already defined in cam_source.obj; second definition ignored
LINK : warning LNK4098: defaultlib 'MSVCRT' conflicts with use of other libs; use /NODEFAULTLIB:library
C:\Users\Mikolaj\Desktop\inzynierka\do pokazania 3 - bez watkow\x64\Debug\Interaktywna wizualizacja.exe : warning LNK4088: image being generated due to /FORCE option; image may not run
  stl.vcxproj -> C:\Users\Mikolaj\Desktop\inzynierka\do pokazania 3 - bez watkow\x64\Debug\Interaktywna wizualizacja.exe
  stl.vcxproj -> C:\Users\Mikolaj\Desktop\inzynierka\do pokazania 3 - bez watkow\x64\Debug\Interaktywna wizualizacja.pdb (Full PDB)
